<?xml version="1.0" encoding="UTF-8"?>
<testsuite xmlns:xsi="http://www.w3.org/2001/XMLSchema-instance" xsi:noNamespaceSchemaLocation="https://maven.apache.org/surefire/maven-surefire-plugin/xsd/surefire-test-report.xsd" name="com.it.test.UploadFileTest" time="0.074" tests="1" errors="0" skipped="0" failures="0">
  <properties>
    <property name="sun.desktop" value="windows"/>
    <property name="awt.toolkit" value="sun.awt.windows.WToolkit"/>
    <property name="file.encoding.pkg" value="sun.io"/>
    <property name="java.specification.version" value="1.8"/>
    <property name="sun.cpu.isalist" value="amd64"/>
    <property name="sun.jnu.encoding" value="GBK"/>
    <property name="java.class.path" value="E:\Program Files\idea-project\reggie\target\test-classes;E:\Program Files\idea-project\reggie\target\classes;D:\tools\maven\maven_repository\org\springframework\boot\spring-boot-starter\2.4.5\spring-boot-starter-2.4.5.jar;D:\tools\maven\maven_repository\org\springframework\boot\spring-boot\2.4.5\spring-boot-2.4.5.jar;D:\tools\maven\maven_repository\org\springframework\spring-context\5.3.6\spring-context-5.3.6.jar;D:\tools\maven\maven_repository\org\springframework\boot\spring-boot-autoconfigure\2.4.5\spring-boot-autoconfigure-2.4.5.jar;D:\tools\maven\maven_repository\org\springframework\boot\spring-boot-starter-logging\2.4.5\spring-boot-starter-logging-2.4.5.jar;D:\tools\maven\maven_repository\ch\qos\logback\logback-classic\1.2.3\logback-classic-1.2.3.jar;D:\tools\maven\maven_repository\ch\qos\logback\logback-core\1.2.3\logback-core-1.2.3.jar;D:\tools\maven\maven_repository\org\apache\logging\log4j\log4j-to-slf4j\2.13.3\log4j-to-slf4j-2.13.3.jar;D:\tools\maven\maven_repository\org\apache\logging\log4j\log4j-api\2.13.3\log4j-api-2.13.3.jar;D:\tools\maven\maven_repository\org\slf4j\jul-to-slf4j\1.7.30\jul-to-slf4j-1.7.30.jar;D:\tools\maven\maven_repository\jakarta\annotation\jakarta.annotation-api\1.3.5\jakarta.annotation-api-1.3.5.jar;D:\tools\maven\maven_repository\org\springframework\spring-core\5.3.6\spring-core-5.3.6.jar;D:\tools\maven\maven_repository\org\springframework\spring-jcl\5.3.6\spring-jcl-5.3.6.jar;D:\tools\maven\maven_repository\org\yaml\snakeyaml\1.27\snakeyaml-1.27.jar;D:\tools\maven\maven_repository\org\springframework\boot\spring-boot-starter-test\2.4.5\spring-boot-starter-test-2.4.5.jar;D:\tools\maven\maven_repository\org\springframework\boot\spring-boot-test\2.4.5\spring-boot-test-2.4.5.jar;D:\tools\maven\maven_repository\org\springframework\boot\spring-boot-test-autoconfigure\2.4.5\spring-boot-test-autoconfigure-2.4.5.jar;D:\tools\maven\maven_repository\com\jayway\jsonpath\json-path\2.4.0\json-path-2.4.0.jar;D:\tools\maven\maven_repository\net\minidev\json-smart\2.3\json-smart-2.3.jar;D:\tools\maven\maven_repository\net\minidev\accessors-smart\1.2\accessors-smart-1.2.jar;D:\tools\maven\maven_repository\org\ow2\asm\asm\5.0.4\asm-5.0.4.jar;D:\tools\maven\maven_repository\jakarta\xml\bind\jakarta.xml.bind-api\2.3.3\jakarta.xml.bind-api-2.3.3.jar;D:\tools\maven\maven_repository\jakarta\activation\jakarta.activation-api\1.2.2\jakarta.activation-api-1.2.2.jar;D:\tools\maven\maven_repository\org\assertj\assertj-core\3.18.1\assertj-core-3.18.1.jar;D:\tools\maven\maven_repository\org\hamcrest\hamcrest\2.2\hamcrest-2.2.jar;D:\tools\maven\maven_repository\org\junit\jupiter\junit-jupiter\5.7.1\junit-jupiter-5.7.1.jar;D:\tools\maven\maven_repository\org\junit\jupiter\junit-jupiter-api\5.7.1\junit-jupiter-api-5.7.1.jar;D:\tools\maven\maven_repository\org\apiguardian\apiguardian-api\1.1.0\apiguardian-api-1.1.0.jar;D:\tools\maven\maven_repository\org\opentest4j\opentest4j\1.2.0\opentest4j-1.2.0.jar;D:\tools\maven\maven_repository\org\junit\platform\junit-platform-commons\1.7.1\junit-platform-commons-1.7.1.jar;D:\tools\maven\maven_repository\org\junit\jupiter\junit-jupiter-params\5.7.1\junit-jupiter-params-5.7.1.jar;D:\tools\maven\maven_repository\org\junit\jupiter\junit-jupiter-engine\5.7.1\junit-jupiter-engine-5.7.1.jar;D:\tools\maven\maven_repository\org\junit\platform\junit-platform-engine\1.7.1\junit-platform-engine-1.7.1.jar;D:\tools\maven\maven_repository\org\mockito\mockito-core\3.6.28\mockito-core-3.6.28.jar;D:\tools\maven\maven_repository\net\bytebuddy\byte-buddy\1.10.22\byte-buddy-1.10.22.jar;D:\tools\maven\maven_repository\net\bytebuddy\byte-buddy-agent\1.10.22\byte-buddy-agent-1.10.22.jar;D:\tools\maven\maven_repository\org\objenesis\objenesis\3.1\objenesis-3.1.jar;D:\tools\maven\maven_repository\org\mockito\mockito-junit-jupiter\3.6.28\mockito-junit-jupiter-3.6.28.jar;D:\tools\maven\maven_repository\org\skyscreamer\jsonassert\1.5.0\jsonassert-1.5.0.jar;D:\tools\maven\maven_repository\com\vaadin\external\google\android-json\0.0.20131108.vaadin1\android-json-0.0.20131108.vaadin1.jar;D:\tools\maven\maven_repository\org\springframework\spring-test\5.3.6\spring-test-5.3.6.jar;D:\tools\maven\maven_repository\org\xmlunit\xmlunit-core\2.7.0\xmlunit-core-2.7.0.jar;D:\tools\maven\maven_repository\org\springframework\boot\spring-boot-starter-web\2.4.5\spring-boot-starter-web-2.4.5.jar;D:\tools\maven\maven_repository\org\springframework\boot\spring-boot-starter-json\2.4.5\spring-boot-starter-json-2.4.5.jar;D:\tools\maven\maven_repository\com\fasterxml\jackson\core\jackson-databind\2.11.4\jackson-databind-2.11.4.jar;D:\tools\maven\maven_repository\com\fasterxml\jackson\core\jackson-annotations\2.11.4\jackson-annotations-2.11.4.jar;D:\tools\maven\maven_repository\com\fasterxml\jackson\core\jackson-core\2.11.4\jackson-core-2.11.4.jar;D:\tools\maven\maven_repository\com\fasterxml\jackson\datatype\jackson-datatype-jdk8\2.11.4\jackson-datatype-jdk8-2.11.4.jar;D:\tools\maven\maven_repository\com\fasterxml\jackson\datatype\jackson-datatype-jsr310\2.11.4\jackson-datatype-jsr310-2.11.4.jar;D:\tools\maven\maven_repository\com\fasterxml\jackson\module\jackson-module-parameter-names\2.11.4\jackson-module-parameter-names-2.11.4.jar;D:\tools\maven\maven_repository\org\springframework\boot\spring-boot-starter-tomcat\2.4.5\spring-boot-starter-tomcat-2.4.5.jar;D:\tools\maven\maven_repository\org\apache\tomcat\embed\tomcat-embed-core\9.0.45\tomcat-embed-core-9.0.45.jar;D:\tools\maven\maven_repository\org\glassfish\jakarta.el\3.0.3\jakarta.el-3.0.3.jar;D:\tools\maven\maven_repository\org\apache\tomcat\embed\tomcat-embed-websocket\9.0.45\tomcat-embed-websocket-9.0.45.jar;D:\tools\maven\maven_repository\org\springframework\spring-web\5.3.6\spring-web-5.3.6.jar;D:\tools\maven\maven_repository\org\springframework\spring-beans\5.3.6\spring-beans-5.3.6.jar;D:\tools\maven\maven_repository\org\springframework\spring-webmvc\5.3.6\spring-webmvc-5.3.6.jar;D:\tools\maven\maven_repository\org\springframework\spring-aop\5.3.6\spring-aop-5.3.6.jar;D:\tools\maven\maven_repository\org\springframework\spring-expression\5.3.6\spring-expression-5.3.6.jar;D:\tools\maven\maven_repository\com\baomidou\mybatis-plus-boot-starter\3.4.2\mybatis-plus-boot-starter-3.4.2.jar;D:\tools\maven\maven_repository\com\baomidou\mybatis-plus\3.4.2\mybatis-plus-3.4.2.jar;D:\tools\maven\maven_repository\com\baomidou\mybatis-plus-extension\3.4.2\mybatis-plus-extension-3.4.2.jar;D:\tools\maven\maven_repository\com\baomidou\mybatis-plus-core\3.4.2\mybatis-plus-core-3.4.2.jar;D:\tools\maven\maven_repository\com\baomidou\mybatis-plus-annotation\3.4.2\mybatis-plus-annotation-3.4.2.jar;D:\tools\maven\maven_repository\com\github\jsqlparser\jsqlparser\4.0\jsqlparser-4.0.jar;D:\tools\maven\maven_repository\org\mybatis\mybatis\3.5.6\mybatis-3.5.6.jar;D:\tools\maven\maven_repository\org\mybatis\mybatis-spring\2.0.5\mybatis-spring-2.0.5.jar;D:\tools\maven\maven_repository\org\springframework\boot\spring-boot-starter-jdbc\2.4.5\spring-boot-starter-jdbc-2.4.5.jar;D:\tools\maven\maven_repository\com\zaxxer\HikariCP\3.4.5\HikariCP-3.4.5.jar;D:\tools\maven\maven_repository\org\springframework\spring-jdbc\5.3.6\spring-jdbc-5.3.6.jar;D:\tools\maven\maven_repository\org\springframework\spring-tx\5.3.6\spring-tx-5.3.6.jar;D:\tools\maven\maven_repository\org\projectlombok\lombok\1.18.20\lombok-1.18.20.jar;D:\tools\maven\maven_repository\com\alibaba\fastjson\1.2.76\fastjson-1.2.76.jar;D:\tools\maven\maven_repository\commons-lang\commons-lang\2.6\commons-lang-2.6.jar;D:\tools\maven\maven_repository\mysql\mysql-connector-java\5.1.49\mysql-connector-java-5.1.49.jar;D:\tools\maven\maven_repository\com\alibaba\druid-spring-boot-starter\1.1.23\druid-spring-boot-starter-1.1.23.jar;D:\tools\maven\maven_repository\com\alibaba\druid\1.1.23\druid-1.1.23.jar;D:\tools\maven\maven_repository\org\slf4j\slf4j-api\1.7.30\slf4j-api-1.7.30.jar;D:\tools\maven\maven_repository\com\aliyun\aliyun-java-sdk-core\4.5.16\aliyun-java-sdk-core-4.5.16.jar;D:\tools\maven\maven_repository\com\google\code\gson\gson\2.8.6\gson-2.8.6.jar;D:\tools\maven\maven_repository\org\apache\httpcomponents\httpclient\4.5.13\httpclient-4.5.13.jar;D:\tools\maven\maven_repository\commons-codec\commons-codec\1.15\commons-codec-1.15.jar;D:\tools\maven\maven_repository\org\apache\httpcomponents\httpcore\4.4.14\httpcore-4.4.14.jar;D:\tools\maven\maven_repository\commons-logging\commons-logging\1.2\commons-logging-1.2.jar;D:\tools\maven\maven_repository\javax\xml\bind\jaxb-api\2.3.1\jaxb-api-2.3.1.jar;D:\tools\maven\maven_repository\javax\activation\javax.activation-api\1.2.0\javax.activation-api-1.2.0.jar;D:\tools\maven\maven_repository\org\jacoco\org.jacoco.agent\0.8.6\org.jacoco.agent-0.8.6-runtime.jar;D:\tools\maven\maven_repository\org\ini4j\ini4j\0.5.4\ini4j-0.5.4.jar;D:\tools\maven\maven_repository\io\opentracing\opentracing-api\0.33.0\opentracing-api-0.33.0.jar;D:\tools\maven\maven_repository\io\opentracing\opentracing-util\0.33.0\opentracing-util-0.33.0.jar;D:\tools\maven\maven_repository\io\opentracing\opentracing-noop\0.33.0\opentracing-noop-0.33.0.jar;D:\tools\maven\maven_repository\com\aliyun\aliyun-java-sdk-dysmsapi\2.1.0\aliyun-java-sdk-dysmsapi-2.1.0.jar;"/>
    <property name="java.vm.vendor" value="Oracle Corporation"/>
    <property name="sun.arch.data.model" value="64"/>
    <property name="user.variant" value=""/>
    <property name="java.vendor.url" value="http://java.oracle.com/"/>
    <property name="user.timezone" value="Asia/Shanghai"/>
    <property name="java.vm.specification.version" value="1.8"/>
    <property name="os.name" value="Windows 10"/>
    <property name="user.country" value="CN"/>
    <property name="sun.java.launcher" value="SUN_STANDARD"/>
    <property name="sun.boot.library.path" value="D:\Java\jdk1.8.0_211\jre\bin"/>
    <property name="sun.java.command" value="C:\Users\g1327\AppData\Local\Temp\surefire5136485542095978018\surefirebooter2694269387772026225.jar C:\Users\g1327\AppData\Local\Temp\surefire5136485542095978018 2022-11-01T11-25-09_334-jvmRun1 surefire8561123141544302476tmp surefire_01491781742342200844tmp"/>
    <property name="surefire.test.class.path" value="E:\Program Files\idea-project\reggie\target\test-classes;E:\Program Files\idea-project\reggie\target\classes;D:\tools\maven\maven_repository\org\springframework\boot\spring-boot-starter\2.4.5\spring-boot-starter-2.4.5.jar;D:\tools\maven\maven_repository\org\springframework\boot\spring-boot\2.4.5\spring-boot-2.4.5.jar;D:\tools\maven\maven_repository\org\springframework\spring-context\5.3.6\spring-context-5.3.6.jar;D:\tools\maven\maven_repository\org\springframework\boot\spring-boot-autoconfigure\2.4.5\spring-boot-autoconfigure-2.4.5.jar;D:\tools\maven\maven_repository\org\springframework\boot\spring-boot-starter-logging\2.4.5\spring-boot-starter-logging-2.4.5.jar;D:\tools\maven\maven_repository\ch\qos\logback\logback-classic\1.2.3\logback-classic-1.2.3.jar;D:\tools\maven\maven_repository\ch\qos\logback\logback-core\1.2.3\logback-core-1.2.3.jar;D:\tools\maven\maven_repository\org\apache\logging\log4j\log4j-to-slf4j\2.13.3\log4j-to-slf4j-2.13.3.jar;D:\tools\maven\maven_repository\org\apache\logging\log4j\log4j-api\2.13.3\log4j-api-2.13.3.jar;D:\tools\maven\maven_repository\org\slf4j\jul-to-slf4j\1.7.30\jul-to-slf4j-1.7.30.jar;D:\tools\maven\maven_repository\jakarta\annotation\jakarta.annotation-api\1.3.5\jakarta.annotation-api-1.3.5.jar;D:\tools\maven\maven_repository\org\springframework\spring-core\5.3.6\spring-core-5.3.6.jar;D:\tools\maven\maven_repository\org\springframework\spring-jcl\5.3.6\spring-jcl-5.3.6.jar;D:\tools\maven\maven_repository\org\yaml\snakeyaml\1.27\snakeyaml-1.27.jar;D:\tools\maven\maven_repository\org\springframework\boot\spring-boot-starter-test\2.4.5\spring-boot-starter-test-2.4.5.jar;D:\tools\maven\maven_repository\org\springframework\boot\spring-boot-test\2.4.5\spring-boot-test-2.4.5.jar;D:\tools\maven\maven_repository\org\springframework\boot\spring-boot-test-autoconfigure\2.4.5\spring-boot-test-autoconfigure-2.4.5.jar;D:\tools\maven\maven_repository\com\jayway\jsonpath\json-path\2.4.0\json-path-2.4.0.jar;D:\tools\maven\maven_repository\net\minidev\json-smart\2.3\json-smart-2.3.jar;D:\tools\maven\maven_repository\net\minidev\accessors-smart\1.2\accessors-smart-1.2.jar;D:\tools\maven\maven_repository\org\ow2\asm\asm\5.0.4\asm-5.0.4.jar;D:\tools\maven\maven_repository\jakarta\xml\bind\jakarta.xml.bind-api\2.3.3\jakarta.xml.bind-api-2.3.3.jar;D:\tools\maven\maven_repository\jakarta\activation\jakarta.activation-api\1.2.2\jakarta.activation-api-1.2.2.jar;D:\tools\maven\maven_repository\org\assertj\assertj-core\3.18.1\assertj-core-3.18.1.jar;D:\tools\maven\maven_repository\org\hamcrest\hamcrest\2.2\hamcrest-2.2.jar;D:\tools\maven\maven_repository\org\junit\jupiter\junit-jupiter\5.7.1\junit-jupiter-5.7.1.jar;D:\tools\maven\maven_repository\org\junit\jupiter\junit-jupiter-api\5.7.1\junit-jupiter-api-5.7.1.jar;D:\tools\maven\maven_repository\org\apiguardian\apiguardian-api\1.1.0\apiguardian-api-1.1.0.jar;D:\tools\maven\maven_repository\org\opentest4j\opentest4j\1.2.0\opentest4j-1.2.0.jar;D:\tools\maven\maven_repository\org\junit\platform\junit-platform-commons\1.7.1\junit-platform-commons-1.7.1.jar;D:\tools\maven\maven_repository\org\junit\jupiter\junit-jupiter-params\5.7.1\junit-jupiter-params-5.7.1.jar;D:\tools\maven\maven_repository\org\junit\jupiter\junit-jupiter-engine\5.7.1\junit-jupiter-engine-5.7.1.jar;D:\tools\maven\maven_repository\org\junit\platform\junit-platform-engine\1.7.1\junit-platform-engine-1.7.1.jar;D:\tools\maven\maven_repository\org\mockito\mockito-core\3.6.28\mockito-core-3.6.28.jar;D:\tools\maven\maven_repository\net\bytebuddy\byte-buddy\1.10.22\byte-buddy-1.10.22.jar;D:\tools\maven\maven_repository\net\bytebuddy\byte-buddy-agent\1.10.22\byte-buddy-agent-1.10.22.jar;D:\tools\maven\maven_repository\org\objenesis\objenesis\3.1\objenesis-3.1.jar;D:\tools\maven\maven_repository\org\mockito\mockito-junit-jupiter\3.6.28\mockito-junit-jupiter-3.6.28.jar;D:\tools\maven\maven_repository\org\skyscreamer\jsonassert\1.5.0\jsonassert-1.5.0.jar;D:\tools\maven\maven_repository\com\vaadin\external\google\android-json\0.0.20131108.vaadin1\android-json-0.0.20131108.vaadin1.jar;D:\tools\maven\maven_repository\org\springframework\spring-test\5.3.6\spring-test-5.3.6.jar;D:\tools\maven\maven_repository\org\xmlunit\xmlunit-core\2.7.0\xmlunit-core-2.7.0.jar;D:\tools\maven\maven_repository\org\springframework\boot\spring-boot-starter-web\2.4.5\spring-boot-starter-web-2.4.5.jar;D:\tools\maven\maven_repository\org\springframework\boot\spring-boot-starter-json\2.4.5\spring-boot-starter-json-2.4.5.jar;D:\tools\maven\maven_repository\com\fasterxml\jackson\core\jackson-databind\2.11.4\jackson-databind-2.11.4.jar;D:\tools\maven\maven_repository\com\fasterxml\jackson\core\jackson-annotations\2.11.4\jackson-annotations-2.11.4.jar;D:\tools\maven\maven_repository\com\fasterxml\jackson\core\jackson-core\2.11.4\jackson-core-2.11.4.jar;D:\tools\maven\maven_repository\com\fasterxml\jackson\datatype\jackson-datatype-jdk8\2.11.4\jackson-datatype-jdk8-2.11.4.jar;D:\tools\maven\maven_repository\com\fasterxml\jackson\datatype\jackson-datatype-jsr310\2.11.4\jackson-datatype-jsr310-2.11.4.jar;D:\tools\maven\maven_repository\com\fasterxml\jackson\module\jackson-module-parameter-names\2.11.4\jackson-module-parameter-names-2.11.4.jar;D:\tools\maven\maven_repository\org\springframework\boot\spring-boot-starter-tomcat\2.4.5\spring-boot-starter-tomcat-2.4.5.jar;D:\tools\maven\maven_repository\org\apache\tomcat\embed\tomcat-embed-core\9.0.45\tomcat-embed-core-9.0.45.jar;D:\tools\maven\maven_repository\org\glassfish\jakarta.el\3.0.3\jakarta.el-3.0.3.jar;D:\tools\maven\maven_repository\org\apache\tomcat\embed\tomcat-embed-websocket\9.0.45\tomcat-embed-websocket-9.0.45.jar;D:\tools\maven\maven_repository\org\springframework\spring-web\5.3.6\spring-web-5.3.6.jar;D:\tools\maven\maven_repository\org\springframework\spring-beans\5.3.6\spring-beans-5.3.6.jar;D:\tools\maven\maven_repository\org\springframework\spring-webmvc\5.3.6\spring-webmvc-5.3.6.jar;D:\tools\maven\maven_repository\org\springframework\spring-aop\5.3.6\spring-aop-5.3.6.jar;D:\tools\maven\maven_repository\org\springframework\spring-expression\5.3.6\spring-expression-5.3.6.jar;D:\tools\maven\maven_repository\com\baomidou\mybatis-plus-boot-starter\3.4.2\mybatis-plus-boot-starter-3.4.2.jar;D:\tools\maven\maven_repository\com\baomidou\mybatis-plus\3.4.2\mybatis-plus-3.4.2.jar;D:\tools\maven\maven_repository\com\baomidou\mybatis-plus-extension\3.4.2\mybatis-plus-extension-3.4.2.jar;D:\tools\maven\maven_repository\com\baomidou\mybatis-plus-core\3.4.2\mybatis-plus-core-3.4.2.jar;D:\tools\maven\maven_repository\com\baomidou\mybatis-plus-annotation\3.4.2\mybatis-plus-annotation-3.4.2.jar;D:\tools\maven\maven_repository\com\github\jsqlparser\jsqlparser\4.0\jsqlparser-4.0.jar;D:\tools\maven\maven_repository\org\mybatis\mybatis\3.5.6\mybatis-3.5.6.jar;D:\tools\maven\maven_repository\org\mybatis\mybatis-spring\2.0.5\mybatis-spring-2.0.5.jar;D:\tools\maven\maven_repository\org\springframework\boot\spring-boot-starter-jdbc\2.4.5\spring-boot-starter-jdbc-2.4.5.jar;D:\tools\maven\maven_repository\com\zaxxer\HikariCP\3.4.5\HikariCP-3.4.5.jar;D:\tools\maven\maven_repository\org\springframework\spring-jdbc\5.3.6\spring-jdbc-5.3.6.jar;D:\tools\maven\maven_repository\org\springframework\spring-tx\5.3.6\spring-tx-5.3.6.jar;D:\tools\maven\maven_repository\org\projectlombok\lombok\1.18.20\lombok-1.18.20.jar;D:\tools\maven\maven_repository\com\alibaba\fastjson\1.2.76\fastjson-1.2.76.jar;D:\tools\maven\maven_repository\commons-lang\commons-lang\2.6\commons-lang-2.6.jar;D:\tools\maven\maven_repository\mysql\mysql-connector-java\5.1.49\mysql-connector-java-5.1.49.jar;D:\tools\maven\maven_repository\com\alibaba\druid-spring-boot-starter\1.1.23\druid-spring-boot-starter-1.1.23.jar;D:\tools\maven\maven_repository\com\alibaba\druid\1.1.23\druid-1.1.23.jar;D:\tools\maven\maven_repository\org\slf4j\slf4j-api\1.7.30\slf4j-api-1.7.30.jar;D:\tools\maven\maven_repository\com\aliyun\aliyun-java-sdk-core\4.5.16\aliyun-java-sdk-core-4.5.16.jar;D:\tools\maven\maven_repository\com\google\code\gson\gson\2.8.6\gson-2.8.6.jar;D:\tools\maven\maven_repository\org\apache\httpcomponents\httpclient\4.5.13\httpclient-4.5.13.jar;D:\tools\maven\maven_repository\commons-codec\commons-codec\1.15\commons-codec-1.15.jar;D:\tools\maven\maven_repository\org\apache\httpcomponents\httpcore\4.4.14\httpcore-4.4.14.jar;D:\tools\maven\maven_repository\commons-logging\commons-logging\1.2\commons-logging-1.2.jar;D:\tools\maven\maven_repository\javax\xml\bind\jaxb-api\2.3.1\jaxb-api-2.3.1.jar;D:\tools\maven\maven_repository\javax\activation\javax.activation-api\1.2.0\javax.activation-api-1.2.0.jar;D:\tools\maven\maven_repository\org\jacoco\org.jacoco.agent\0.8.6\org.jacoco.agent-0.8.6-runtime.jar;D:\tools\maven\maven_repository\org\ini4j\ini4j\0.5.4\ini4j-0.5.4.jar;D:\tools\maven\maven_repository\io\opentracing\opentracing-api\0.33.0\opentracing-api-0.33.0.jar;D:\tools\maven\maven_repository\io\opentracing\opentracing-util\0.33.0\opentracing-util-0.33.0.jar;D:\tools\maven\maven_repository\io\opentracing\opentracing-noop\0.33.0\opentracing-noop-0.33.0.jar;D:\tools\maven\maven_repository\com\aliyun\aliyun-java-sdk-dysmsapi\2.1.0\aliyun-java-sdk-dysmsapi-2.1.0.jar;"/>
    <property name="sun.cpu.endian" value="little"/>
    <property name="user.home" value="C:\Users\g1327"/>
    <property name="user.language" value="zh"/>
    <property name="java.specification.vendor" value="Oracle Corporation"/>
    <property name="java.home" value="D:\Java\jdk1.8.0_211\jre"/>
    <property name="basedir" value="E:\Program Files\idea-project\reggie"/>
    <property name="file.separator" value="\"/>
    <property name="line.separator" value="&#10;"/>
    <property name="java.vm.specification.vendor" value="Oracle Corporation"/>
    <property name="java.specification.name" value="Java Platform API Specification"/>
    <property name="java.awt.graphicsenv" value="sun.awt.Win32GraphicsEnvironment"/>
    <property name="surefire.real.class.path" value="C:\Users\g1327\AppData\Local\Temp\surefire5136485542095978018\surefirebooter2694269387772026225.jar"/>
    <property name="sun.boot.class.path" value="D:\Java\jdk1.8.0_211\jre\lib\resources.jar;D:\Java\jdk1.8.0_211\jre\lib\rt.jar;D:\Java\jdk1.8.0_211\jre\lib\sunrsasign.jar;D:\Java\jdk1.8.0_211\jre\lib\jsse.jar;D:\Java\jdk1.8.0_211\jre\lib\jce.jar;D:\Java\jdk1.8.0_211\jre\lib\charsets.jar;D:\Java\jdk1.8.0_211\jre\lib\jfr.jar;D:\Java\jdk1.8.0_211\jre\classes"/>
    <property name="user.script" value=""/>
    <property name="sun.management.compiler" value="HotSpot 64-Bit Tiered Compilers"/>
    <property name="java.runtime.version" value="1.8.0_211-b12"/>
    <property name="user.name" value="郭炜"/>
    <property name="path.separator" value=";"/>
    <property name="os.version" value="10.0"/>
    <property name="java.endorsed.dirs" value="D:\Java\jdk1.8.0_211\jre\lib\endorsed"/>
    <property name="java.runtime.name" value="Java(TM) SE Runtime Environment"/>
    <property name="file.encoding" value="GBK"/>
    <property name="java.vm.name" value="Java HotSpot(TM) 64-Bit Server VM"/>
    <property name="localRepository" value="D:\tools\maven\maven_repository"/>
    <property name="java.vendor.url.bug" value="http://bugreport.sun.com/bugreport/"/>
    <property name="java.io.tmpdir" value="C:\Users\g1327\AppData\Local\Temp\"/>
    <property name="idea.version" value="2020.2.1"/>
    <property name="java.version" value="1.8.0_211"/>
    <property name="user.dir" value="E:\Program Files\idea-project\reggie"/>
    <property name="os.arch" value="amd64"/>
    <property name="java.vm.specification.name" value="Java Virtual Machine Specification"/>
    <property name="java.awt.printerjob" value="sun.awt.windows.WPrinterJob"/>
    <property name="sun.os.patch.level" value=""/>
    <property name="java.library.path" value="D:\Java\jdk1.8.0_211\jre\bin;C:\WINDOWS\Sun\Java\bin;C:\WINDOWS\system32;C:\WINDOWS;C:\Program Files\Common Files\Oracle\Java\javapath;E:\Program Files\Python38\Scripts\;E:\Program Files\Python38\;C:\WINDOWS\system32;C:\WINDOWS;C:\WINDOWS\System32\Wbem;C:\WINDOWS\System32\WindowsPowerShell\v1.0\;C:\WINDOWS\System32\OpenSSH\;D:\Java\jdk1.8.0_211\bin;E:\Program Files\MATLAB\R2017a\runtime\win64;E:\Program Files\MATLAB\R2017a\bin;D:\tools\maven\apache-maven-3.6.3\bin;D:\tools\tomcat8\bin;D:\Program Files\Git\cmd;D:\tools\mysql-5.7.22-winx64\mysql-5.7.22-winx64\bin;E:\nodejs;E:\nodejs\node_global;C:\Users\g1327\AppData\Local\Microsoft\WindowsApps;E:\Program Files\JetBrains\PyCharm 2020.1\bin;;E:\Program Files\JetBrains\IntelliJ IDEA 2020.2.1\bin;;D:\Users\g1327\AppData\Local\Programs\Microsoft VS Code\bin;C:\Users\g1327\AppData\Local\GitHubDesktop\bin;C:\Users\g1327\AppData\Roaming\npm;."/>
    <property name="java.vm.info" value="mixed mode"/>
    <property name="java.vendor" value="Oracle Corporation"/>
    <property name="java.vm.version" value="25.211-b12"/>
    <property name="java.ext.dirs" value="D:\Java\jdk1.8.0_211\jre\lib\ext;C:\WINDOWS\Sun\Java\lib\ext"/>
    <property name="sun.io.unicode.encoding" value="UnicodeLittle"/>
    <property name="maven.repo.local" value="D:\tools\maven\maven_repository"/>
    <property name="java.class.version" value="52.0"/>
  </properties>
  <testcase name="test1" classname="com.it.test.UploadFileTest" time="0.063"/>
</testsuite>